
ASEM-51 V1.3                                         Copyright (c) 2002 by W.W. Heinz                                         PAGE 1





       MCS-51 Family Macro Assembler   A S E M - 5 1   V 1.3
       =====================================================



	Source File:	..\..\cm3\cm3.asm
	Object File:	Debug.HEX
	List File:	Debug.lst



 Line  I  Addr  Code            Source

    1:		N      0000	ORG 00H
    2:	  0000	05		    DB    00000101B
    3:
    4:				;ORG 01H
    5:				    ;DB    00000000B
    6:
    7:		N      0002	ORG 02H
    8:	  0002	05		    DB    00000101B
    9:
   10:		N      0003	ORG 03H
   11:	  0003	05		    DB    00000101B
   12:
   13:		N      0004	ORG 04H
   14:	  0004	4B		    DB    01001011B
   15:
   16:		N      0005	ORG 05H
   17:	  0005	05		    DB    00000101B
   18:
   19:		N      0006	ORG 06H
   20:	  0006	05		    DB    00000101B
   21:
   22:		N      0007	ORG 07H
   23:	  0007	05		    DB    00000101B
   24:
   25:		N      0008	ORG 08H
   26:	  0008	05		    DB    00000101B
   27:
   28:		N      0009	ORG 09H
   29:	  0009	05		    DB    00000101B
   30:
   31:		N      000A	ORG 0AH
   32:	  000A	05		    DB    00000101B
   33:
   34:		N      000B	ORG 0BH
   35:	  000B	05		    DB    00000101B
   36:
   37:		N      000C	ORG 0CH
   38:	  000C	05		    DB    00000101B
   39:
   40:		N      000D	ORG 0DH
   41:	  000D	05		    DB    00000101B
   42:
   43:		N      000E	ORG 0EH

ASEM-51 V1.3                                         Copyright (c) 2002 by W.W. Heinz                                         PAGE 2



 Line  I  Addr  Code            Source

   44:	  000E	05		    DB    00000101B
   45:
   46:		N      000F	ORG 0FH
   47:	  000F	05		    DB    00000101B
   48:
   49:		N      0010	ORG 10H
   50:	  0010	05		    DB    00000101B
   51:
   52:		N      0011	ORG 11H
   53:	  0011	05		    DB    00000101B
   54:
   55:		N      0012	ORG 12H
   56:	  0012	05		    DB    00000101B
   57:
   58:		N      0013	ORG 13H
   59:	  0013	05		    DB    00000101B
   60:
   61:		N      0014	ORG 14H
   62:	  0014	05		    DB    00000101B
   63:
   64:		N      0015	ORG 15H
   65:	  0015	05		    DB    00000101B
   66:
   67:		N      0016	ORG 16H
   68:	  0016	05		    DB    00000101B
   69:
   70:		N      0017	ORG 17H
   71:	  0017	05		    DB    00000101B
   72:
   73:		N      0018	ORG 18H
   74:	  0018	95		    DB    10010101B
   75:
   76:		N      0019	ORG 19H
   77:	  0019	61		    DB    01100001B
   78:
   79:		N      001A	ORG 1AH
   80:	  001A	BD		    DB    10111101B
   81:
   82:		N      001B	ORG 1BH
   83:	  001B	04		    DB    00000100B
   84:
   85:		N      001C	ORG 1CH
   86:	  001C	06		    DB    00000110B
   87:
   88:		N      001D	ORG 1DH
   89:	  001D	05		    DB    00000101B
   90:
   91:		N      001E	ORG 1EH
   92:	  001E	05		    DB    00000101B
   93:
   94:		N      001F	ORG 1FH
   95:	  001F	05		    DB    00000101B
   96:				end




ASEM-51 V1.3                                         Copyright (c) 2002 by W.W. Heinz                                         PAGE 3





                     register banks used:  ---

                     no errors




ASEM-51 V1.3                                         Copyright (c) 2002 by W.W. Heinz                                         PAGE 4





	       L I S T   O F   S Y M B O L S
	       =============================


SYMBOL				  TYPE     VALUE	LINE
------------------------------------------------------------
??ASEM_51			  NUMBER    8051
??VERSION			  NUMBER    0130
AC				  BIT	      D6
ACC				  DATA	      E0
B				  DATA	      F0
CY				  BIT	      D7
DPH				  DATA	      83
DPL				  DATA	      82
EA				  BIT	      AF
ES				  BIT	      AC
ET0				  BIT	      A9
ET1				  BIT	      AB
EX0				  BIT	      A8
EX1				  BIT	      AA
EXTI0				  CODE	    0003
EXTI1				  CODE	    0013
F0				  BIT	      D5
IE				  DATA	      A8
IE0				  BIT	      89
IE1				  BIT	      8B
INT0				  BIT	      B2
INT1				  BIT	      B3
IP				  DATA	      B8
IT0				  BIT	      88
IT1				  BIT	      8A
OV				  BIT	      D2
P				  BIT	      D0
P0				  DATA	      80
P1				  DATA	      90
P2				  DATA	      A0
P3				  DATA	      B0
PCON				  DATA	      87
PS				  BIT	      BC
PSW				  DATA	      D0
PT0				  BIT	      B9
PT1				  BIT	      BB
PX0				  BIT	      B8
PX1				  BIT	      BA
RB8				  BIT	      9A
RD				  BIT	      B7
REN				  BIT	      9C
RESET				  CODE	    0000
RI				  BIT	      98
RS0				  BIT	      D3
RS1				  BIT	      D4
RXD				  BIT	      B0
SBUF				  DATA	      99
SCON				  DATA	      98
SINT				  CODE	    0023
SM0				  BIT	      9F

ASEM-51 V1.3                                         Copyright (c) 2002 by W.W. Heinz                                         PAGE 5



SYMBOL				  TYPE     VALUE	LINE
------------------------------------------------------------
SM1				  BIT	      9E
SM2				  BIT	      9D
SP				  DATA	      81
T0				  BIT	      B4
T1				  BIT	      B5
TB8				  BIT	      9B
TCON				  DATA	      88
TF0				  BIT	      8D
TF1				  BIT	      8F
TH0				  DATA	      8C
TH1				  DATA	      8D
TI				  BIT	      99
TIMER0				  CODE	    000B
TIMER1				  CODE	    001B
TL0				  DATA	      8A
TL1				  DATA	      8B
TMOD				  DATA	      89
TR0				  BIT	      8C
TR1				  BIT	      8E
TXD				  BIT	      B1
WR				  BIT	      B6
